\BOOKMARK [1][-]{section.1}{\376\377\000I\000n\000t\000r\000o\000d\000u\000c\000t\000i\000o\000n}{}% 1
\BOOKMARK [1][-]{section.2}{\376\377\000H\000a\000r\000d\000w\000a\000r\000e}{}% 2
\BOOKMARK [2][-]{subsection.2.1}{\376\377\000A\000T\000m\000e\000g\000a\0003\0002\0008\000P}{section.2}% 3
\BOOKMARK [2][-]{subsection.2.2}{\376\377\000M\000P\000U\0006\0000\0005\0000}{section.2}% 4
\BOOKMARK [2][-]{subsection.2.3}{\376\377\000T\000B\0006\0006\0001\0002\000F\000N\000G\000\040\000H\000-\000b\000r\000i\000d\000g\000e}{section.2}% 5
\BOOKMARK [2][-]{subsection.2.4}{\376\377\000G\000e\000a\000r\000e\000d\000\040\000D\000C\000\040\000M\000o\000t\000o\000r\000s}{section.2}% 6
\BOOKMARK [1][-]{section.3}{\376\377\000M\000a\000t\000h\000e\000m\000a\000t\000i\000c\000a\000l\000\040\000M\000o\000d\000e\000l\000l\000i\000n\000g}{}% 7
\BOOKMARK [1][-]{section.4}{\376\377\000E\000x\000t\000e\000n\000d\000e\000d\000\040\000K\000a\000l\000m\000a\000n\000\040\000F\000i\000l\000t\000e\000r}{}% 8
\BOOKMARK [2][-]{subsection.4.1}{\376\377\000S\000t\000a\000t\000e\000\040\000E\000s\000t\000i\000m\000a\000t\000i\000o\000n}{section.4}% 9
\BOOKMARK [3][-]{subsubsection.4.1.1}{\376\377\000c\000o\000v\000r\000a\000i\000n\000c\000e\000\040\000m\000a\000t\000r\000i\000x}{subsection.4.1}% 10
\BOOKMARK [3][-]{subsubsection.4.1.2}{\376\377\000T\000i\000m\000e\000-\000D\000i\000s\000c\000r\000e\000t\000e\000\040\000K\000a\000l\000m\000a\000n\000\040\000F\000i\000l\000t\000e\000r}{subsection.4.1}% 11
\BOOKMARK [3][-]{subsubsection.4.1.3}{\376\377\000\040\000E\000s\000t\000i\000m\000a\000t\000e\000d\000\040\000s\000t\000a\000t\000e\000s\000:\000\040}{subsection.4.1}% 12
\BOOKMARK [3][-]{subsubsection.4.1.4}{\376\377\000\040\000S\000t\000a\000t\000e\000-\000s\000p\000a\000c\000e\000\040\000F\000r\000o\000m\000\040}{subsection.4.1}% 13
\BOOKMARK [3][-]{subsubsection.4.1.5}{\376\377\000\040\000M\000e\000a\000s\000u\000r\000e\000m\000e\000n\000t\000\040\000N\000o\000i\000s\000e\000\040\000C\000o\000v\000a\000r\000i\000a\000n\000c\000e\000\040\000M\000a\000t\000r\000i\000x\000\040\000R\000:\000\040}{subsection.4.1}% 14
\BOOKMARK [3][-]{subsubsection.4.1.6}{\376\377\000\040\000S\000t\000a\000t\000e\000\040\000C\000o\000v\000a\000r\000i\000a\000n\000c\000e\000\040\000M\000a\000t\000r\000i\000x\000\040\000P\000:\000\040}{subsection.4.1}% 15
\BOOKMARK [3][-]{subsubsection.4.1.7}{\376\377\000\040\000K\000a\000l\000m\000a\000n\000\040\000G\000a\000i\000n\000\040\000K\000:\000\040}{subsection.4.1}% 16
\BOOKMARK [3][-]{subsubsection.4.1.8}{\376\377\000\040\000E\000s\000t\000i\000m\000a\000t\000e\000d\000\040\000s\000t\000a\000t\000e\000s\000:\000\040}{subsection.4.1}% 17
\BOOKMARK [3][-]{subsubsection.4.1.9}{\376\377\000\040\000E\000r\000r\000o\000r\000\040\000C\000a\000l\000c\000u\000l\000a\000t\000i\000o\000n\000:\000\040}{subsection.4.1}% 18
\BOOKMARK [3][-]{subsubsection.4.1.10}{\376\377\000\040\000T\000i\000m\000e\000\040\000U\000p\000d\000a\000t\000e\000\040\000\050\000p\000r\000e\000d\000i\000c\000t\000i\000o\000n\000\051\000:\000\040}{subsection.4.1}% 19
\BOOKMARK [3][-]{subsubsection.4.1.11}{\376\377\000\040\000I\000n\000i\000t\000i\000a\000l\000i\000z\000a\000t\000i\000o\000n\000,\000\040}{subsection.4.1}% 20
\BOOKMARK [3][-]{subsubsection.4.1.12}{\376\377\000\040\000K\000a\000l\000m\000a\000n\000\040\000g\000a\000i\000n\000\040}{subsection.4.1}% 21
\BOOKMARK [3][-]{subsubsection.4.1.13}{\376\377\000M\000e\000a\000s\000u\000r\000e\000m\000e\000n\000t\000\040\000U\000p\000d\000a\000t\000e\000\040\000\050\000c\000o\000r\000r\000e\000c\000t\000i\000o\000n\000\051\000:}{subsection.4.1}% 22
\BOOKMARK [1][-]{section.5}{\376\377\000C\000a\000s\000c\000a\000d\000e\000d\000\040\000P\000I\000D\000\040\000C\000o\000n\000t\000r\000o\000l\000\040\000L\000o\000o\000p}{}% 23
\BOOKMARK [2][-]{subsection.5.1}{\376\377\000B\000a\000s\000i\000c\000\040\000P\000I\000D\000\040\000S\000t\000r\000u\000c\000t\000u\000r\000e}{section.5}% 24
\BOOKMARK [2][-]{subsection.5.2}{\376\377\000P\000o\000s\000i\000t\000i\000o\000n\000\040\000C\000o\000n\000t\000r\000o\000l\000\040\000L\000o\000o\000p}{section.5}% 25
\BOOKMARK [1][-]{section.6}{\376\377\000I\000m\000p\000l\000e\000m\000e\000n\000t\000a\000t\000i\000o\000n\000\040\000C\000o\000n\000s\000i\000d\000e\000r\000a\000t\000i\000o\000n\000s}{}% 26
\BOOKMARK [2][-]{subsection.6.1}{\376\377\000D\000i\000s\000c\000r\000e\000t\000e\000\040\000T\000i\000m\000e\000\040\000I\000m\000p\000l\000e\000m\000e\000n\000t\000a\000t\000i\000o\000n}{section.6}% 27
\BOOKMARK [1][-]{section.7}{\376\377\000T\000u\000n\000i\000n\000g\000\040\000M\000e\000t\000h\000o\000d\000o\000l\000o\000g\000y}{}% 28
\BOOKMARK [2][-]{subsection.7.1}{\376\377\000Z\000i\000e\000g\000l\000e\000r\000-\000N\000i\000c\000h\000o\000l\000s\000\040\000M\000e\000t\000h\000o\000d}{section.7}% 29
\BOOKMARK [2][-]{subsection.7.2}{\376\377\000P\000r\000a\000c\000t\000i\000c\000a\000l\000\040\000T\000u\000n\000i\000n\000g\000\040\000G\000u\000i\000d\000e\000l\000i\000n\000e\000s}{section.7}% 30
\BOOKMARK [2][-]{subsection.7.3}{\376\377\000P\000i\000t\000c\000h\000\040\000P\000I\000D\000\040\000C\000o\000n\000t\000r\000o\000l\000:}{section.7}% 31
\BOOKMARK [2][-]{subsection.7.4}{\376\377\000Y\000a\000w\000\040\000C\000o\000n\000t\000r\000o\000l\000:}{section.7}% 32
\BOOKMARK [2][-]{subsection.7.5}{\376\377\000P\000o\000s\000i\000t\000i\000o\000n\000\040\000C\000o\000n\000t\000r\000o\000l\000:}{section.7}% 33
\BOOKMARK [2][-]{subsection.7.6}{\376\377\000C\000o\000m\000b\000i\000n\000i\000n\000g\000\040\000C\000o\000n\000t\000r\000o\000l\000\040\000O\000u\000t\000p\000u\000t\000s}{section.7}% 34
\BOOKMARK [2][-]{subsection.7.7}{\376\377\000C\000o\000n\000c\000l\000u\000s\000i\000o\000n}{section.7}% 35
